{"/Users/ashizhamal/Desktop/appt-app/backend/app.js": {"path":"/Users/ashizhamal/Desktop/appt-app/backend/app.js","statementMap":{"0":{"start":{"line":7,"column":12},"end":{"line":7,"column":21}},"1":{"start":{"line":8,"column":0},"end":{"line":8,"column":24}},"2":{"start":{"line":11,"column":0},"end":{"line":11,"column":58}},"3":{"start":{"line":11,"column":27},"end":{"line":11,"column":56}},"4":{"start":{"line":12,"column":0},"end":{"line":12,"column":30}},"5":{"start":{"line":13,"column":0},"end":{"line":13,"column":43}},"6":{"start":{"line":14,"column":0},"end":{"line":16,"column":3}},"7":{"start":{"line":15,"column":2},"end":{"line":15,"column":57}},"8":{"start":{"line":19,"column":0},"end":{"line":23,"column":1}},"9":{"start":{"line":20,"column":2},"end":{"line":22,"column":68}},"10":{"start":{"line":21,"column":16},"end":{"line":21,"column":48}},"11":{"start":{"line":22,"column":18},"end":{"line":22,"column":66}}},"fnMap":{"0":{"name":"(anonymous_0)","decl":{"start":{"line":11,"column":13},"end":{"line":11,"column":14}},"loc":{"start":{"line":11,"column":27},"end":{"line":11,"column":56}},"line":11},"1":{"name":"(anonymous_1)","decl":{"start":{"line":14,"column":36},"end":{"line":14,"column":37}},"loc":{"start":{"line":14,"column":50},"end":{"line":16,"column":1}},"line":14},"2":{"name":"(anonymous_2)","decl":{"start":{"line":21,"column":10},"end":{"line":21,"column":11}},"loc":{"start":{"line":21,"column":16},"end":{"line":21,"column":48}},"line":21},"3":{"name":"(anonymous_3)","decl":{"start":{"line":22,"column":11},"end":{"line":22,"column":12}},"loc":{"start":{"line":22,"column":18},"end":{"line":22,"column":66}},"line":22}},"branchMap":{"0":{"loc":{"start":{"line":19,"column":0},"end":{"line":23,"column":1}},"type":"if","locations":[{"start":{"line":19,"column":0},"end":{"line":23,"column":1}},{"start":{},"end":{}}],"line":19}},"s":{"0":1,"1":1,"2":1,"3":0,"4":1,"5":1,"6":1,"7":0,"8":1,"9":0,"10":0,"11":0},"f":{"0":0,"1":0,"2":0,"3":0},"b":{"0":[0,1]},"_coverageSchema":"1a1c01bbd47fc00a2c39e90264f33305004495a9","hash":"2abcd57901092a6dc204c39366f88f607e39dc26"}
,"/Users/ashizhamal/Desktop/appt-app/backend/src/config/db.js": {"path":"/Users/ashizhamal/Desktop/appt-app/backend/src/config/db.js","statementMap":{"0":{"start":{"line":2,"column":12},"end":{"line":2,"column":62}},"1":{"start":{"line":3,"column":15},"end":{"line":3,"column":44}},"2":{"start":{"line":5,"column":17},"end":{"line":5,"column":21}},"3":{"start":{"line":9,"column":4},"end":{"line":11,"column":5}},"4":{"start":{"line":10,"column":8},"end":{"line":10,"column":25}},"5":{"start":{"line":13,"column":19},"end":{"line":13,"column":39}},"6":{"start":{"line":15,"column":4},"end":{"line":15,"column":27}},"7":{"start":{"line":16,"column":4},"end":{"line":16,"column":34}},"8":{"start":{"line":17,"column":4},"end":{"line":17,"column":51}},"9":{"start":{"line":19,"column":4},"end":{"line":19,"column":22}},"10":{"start":{"line":23,"column":1},"end":{"line":25,"column":2}},"11":{"start":{"line":24,"column":4},"end":{"line":24,"column":65}},"12":{"start":{"line":26,"column":1},"end":{"line":26,"column":19}}},"fnMap":{"0":{"name":"connect","decl":{"start":{"line":8,"column":22},"end":{"line":8,"column":29}},"loc":{"start":{"line":8,"column":31},"end":{"line":20,"column":1}},"line":8},"1":{"name":"getDb","decl":{"start":{"line":22,"column":16},"end":{"line":22,"column":21}},"loc":{"start":{"line":22,"column":23},"end":{"line":27,"column":1}},"line":22}},"branchMap":{"0":{"loc":{"start":{"line":2,"column":12},"end":{"line":2,"column":62}},"type":"binary-expr","locations":[{"start":{"line":2,"column":12},"end":{"line":2,"column":35}},{"start":{"line":2,"column":37},"end":{"line":2,"column":62}}],"line":2},"1":{"loc":{"start":{"line":3,"column":15},"end":{"line":3,"column":44}},"type":"binary-expr","locations":[{"start":{"line":3,"column":15},"end":{"line":3,"column":34}},{"start":{"line":3,"column":38},"end":{"line":3,"column":44}}],"line":3},"2":{"loc":{"start":{"line":9,"column":4},"end":{"line":11,"column":5}},"type":"if","locations":[{"start":{"line":9,"column":4},"end":{"line":11,"column":5}},{"start":{},"end":{}}],"line":9},"3":{"loc":{"start":{"line":23,"column":1},"end":{"line":25,"column":2}},"type":"if","locations":[{"start":{"line":23,"column":1},"end":{"line":25,"column":2}},{"start":{},"end":{}}],"line":23}},"s":{"0":1,"1":1,"2":1,"3":0,"4":0,"5":0,"6":0,"7":0,"8":0,"9":0,"10":0,"11":0,"12":0},"f":{"0":0,"1":0},"b":{"0":[1,1],"1":[1,1],"2":[0,0],"3":[0,0]},"_coverageSchema":"1a1c01bbd47fc00a2c39e90264f33305004495a9","hash":"db8d2c1994a0cf2799bd585d61876d82a489f4cd"}
,"/Users/ashizhamal/Desktop/appt-app/backend/src/controllers/appointmentController.js": {"path":"/Users/ashizhamal/Desktop/appt-app/backend/src/controllers/appointmentController.js","statementMap":{"0":{"start":{"line":4,"column":19},"end":{"line":4,"column":34}}},"fnMap":{"0":{"name":"createAppointment","decl":{"start":{"line":3,"column":17},"end":{"line":3,"column":34}},"loc":{"start":{"line":3,"column":44},"end":{"line":6,"column":1}},"line":3},"1":{"name":"updateAppointment","decl":{"start":{"line":9,"column":17},"end":{"line":9,"column":34}},"loc":{"start":{"line":9,"column":36},"end":{"line":11,"column":1}},"line":9},"2":{"name":"deleteAppointment","decl":{"start":{"line":14,"column":16},"end":{"line":14,"column":33}},"loc":{"start":{"line":14,"column":35},"end":{"line":16,"column":1}},"line":14},"3":{"name":"getAppointment","decl":{"start":{"line":18,"column":16},"end":{"line":18,"column":30}},"loc":{"start":{"line":18,"column":32},"end":{"line":20,"column":1}},"line":18}},"branchMap":{},"s":{"0":0},"f":{"0":0,"1":0,"2":0,"3":0},"b":{},"_coverageSchema":"1a1c01bbd47fc00a2c39e90264f33305004495a9","hash":"d51ce9acf74d24b69bbd11fc26ab694113c193f3"}
,"/Users/ashizhamal/Desktop/appt-app/backend/src/controllers/userController.js": {"path":"/Users/ashizhamal/Desktop/appt-app/backend/src/controllers/userController.js","statementMap":{"0":{"start":{"line":4,"column":2},"end":{"line":13,"column":3}},"1":{"start":{"line":5,"column":19},"end":{"line":5,"column":47}},"2":{"start":{"line":6,"column":4},"end":{"line":9,"column":7}},"3":{"start":{"line":12,"column":4},"end":{"line":12,"column":51}},"4":{"start":{"line":19,"column":4},"end":{"line":30,"column":5}},"5":{"start":{"line":20,"column":23},"end":{"line":20,"column":48}},"6":{"start":{"line":21,"column":8},"end":{"line":24,"column":10}},"7":{"start":{"line":27,"column":8},"end":{"line":29,"column":10}}},"fnMap":{"0":{"name":"registerController","decl":{"start":{"line":3,"column":22},"end":{"line":3,"column":40}},"loc":{"start":{"line":3,"column":50},"end":{"line":14,"column":1}},"line":3},"1":{"name":"loginController","decl":{"start":{"line":17,"column":22},"end":{"line":17,"column":37}},"loc":{"start":{"line":17,"column":47},"end":{"line":31,"column":1}},"line":17}},"branchMap":{},"s":{"0":0,"1":0,"2":0,"3":0,"4":0,"5":0,"6":0,"7":0},"f":{"0":0,"1":0},"b":{},"_coverageSchema":"1a1c01bbd47fc00a2c39e90264f33305004495a9","hash":"e33e478199be67b893825e15d70d6e6577b61aee"}
,"/Users/ashizhamal/Desktop/appt-app/backend/src/middlewares/authMiddleware.js": {"path":"/Users/ashizhamal/Desktop/appt-app/backend/src/middlewares/authMiddleware.js","statementMap":{"0":{"start":{"line":5,"column":21},"end":{"line":5,"column":49}},"1":{"start":{"line":6,"column":2},"end":{"line":6,"column":79}},"2":{"start":{"line":6,"column":18},"end":{"line":6,"column":79}},"3":{"start":{"line":7,"column":2},"end":{"line":7,"column":9}}},"fnMap":{"0":{"name":"authenticate","decl":{"start":{"line":4,"column":16},"end":{"line":4,"column":28}},"loc":{"start":{"line":4,"column":44},"end":{"line":8,"column":1}},"line":4}},"branchMap":{"0":{"loc":{"start":{"line":6,"column":2},"end":{"line":6,"column":79}},"type":"if","locations":[{"start":{"line":6,"column":2},"end":{"line":6,"column":79}},{"start":{},"end":{}}],"line":6}},"s":{"0":1,"1":1,"2":1,"3":0},"f":{"0":1},"b":{"0":[1,0]},"_coverageSchema":"1a1c01bbd47fc00a2c39e90264f33305004495a9","hash":"6e8293ecd149c3763f6d162bd4abe0afb986186a"}
,"/Users/ashizhamal/Desktop/appt-app/backend/src/repositories/userRepository.js": {"path":"/Users/ashizhamal/Desktop/appt-app/backend/src/repositories/userRepository.js","statementMap":{"0":{"start":{"line":3,"column":24},"end":{"line":3,"column":31}},"1":{"start":{"line":7,"column":15},"end":{"line":7,"column":22}},"2":{"start":{"line":8,"column":4},"end":{"line":8,"column":68}},"3":{"start":{"line":12,"column":15},"end":{"line":12,"column":22}},"4":{"start":{"line":13,"column":19},"end":{"line":13,"column":71}},"5":{"start":{"line":14,"column":19},"end":{"line":14,"column":36}},"6":{"start":{"line":15,"column":4},"end":{"line":15,"column":18}}},"fnMap":{"0":{"name":"findUserByUsername","decl":{"start":{"line":6,"column":22},"end":{"line":6,"column":40}},"loc":{"start":{"line":6,"column":50},"end":{"line":9,"column":1}},"line":6},"1":{"name":"saveUser","decl":{"start":{"line":11,"column":22},"end":{"line":11,"column":30}},"loc":{"start":{"line":11,"column":36},"end":{"line":16,"column":1}},"line":11}},"branchMap":{},"s":{"0":1,"1":0,"2":0,"3":0,"4":0,"5":0,"6":0},"f":{"0":0,"1":0},"b":{},"_coverageSchema":"1a1c01bbd47fc00a2c39e90264f33305004495a9","hash":"870a79392e0b66c84f90b513db76504f63d72614"}
,"/Users/ashizhamal/Desktop/appt-app/backend/src/routes/appointmentRoute.js": {"path":"/Users/ashizhamal/Desktop/appt-app/backend/src/routes/appointmentRoute.js","statementMap":{"0":{"start":{"line":2,"column":15},"end":{"line":2,"column":31}},"1":{"start":{"line":6,"column":0},"end":{"line":8,"column":4}},"2":{"start":{"line":7,"column":3},"end":{"line":7,"column":45}}},"fnMap":{"0":{"name":"(anonymous_0)","decl":{"start":{"line":6,"column":36},"end":{"line":6,"column":37}},"loc":{"start":{"line":6,"column":50},"end":{"line":8,"column":1}},"line":6}},"branchMap":{},"s":{"0":1,"1":1,"2":0},"f":{"0":0},"b":{},"_coverageSchema":"1a1c01bbd47fc00a2c39e90264f33305004495a9","hash":"568c619235d9aae7fdafaf28266e707e12c25f8b"}
,"/Users/ashizhamal/Desktop/appt-app/backend/src/routes/authRoute.js": {"path":"/Users/ashizhamal/Desktop/appt-app/backend/src/routes/authRoute.js","statementMap":{"0":{"start":{"line":4,"column":15},"end":{"line":4,"column":31}},"1":{"start":{"line":6,"column":0},"end":{"line":6,"column":45}},"2":{"start":{"line":7,"column":0},"end":{"line":7,"column":39}}},"fnMap":{},"branchMap":{},"s":{"0":1,"1":1,"2":1},"f":{},"b":{},"_coverageSchema":"1a1c01bbd47fc00a2c39e90264f33305004495a9","hash":"d394e63ba5106490fe96f24e31d8a321f28c3c2c"}
,"/Users/ashizhamal/Desktop/appt-app/backend/src/services/jwtServices.js": {"path":"/Users/ashizhamal/Desktop/appt-app/backend/src/services/jwtServices.js","statementMap":{"0":{"start":{"line":3,"column":19},"end":{"line":3,"column":59}},"1":{"start":{"line":4,"column":19},"end":{"line":4,"column":23}},"2":{"start":{"line":6,"column":26},"end":{"line":24,"column":1}},"3":{"start":{"line":8,"column":8},"end":{"line":8,"column":84}},"4":{"start":{"line":12,"column":8},"end":{"line":16,"column":9}},"5":{"start":{"line":13,"column":12},"end":{"line":13,"column":49}},"6":{"start":{"line":15,"column":12},"end":{"line":15,"column":24}},"7":{"start":{"line":20,"column":8},"end":{"line":20,"column":32}}},"fnMap":{"0":{"name":"(anonymous_0)","decl":{"start":{"line":7,"column":4},"end":{"line":7,"column":5}},"loc":{"start":{"line":7,"column":31},"end":{"line":9,"column":5}},"line":7},"1":{"name":"(anonymous_1)","decl":{"start":{"line":11,"column":4},"end":{"line":11,"column":5}},"loc":{"start":{"line":11,"column":17},"end":{"line":17,"column":5}},"line":11},"2":{"name":"(anonymous_2)","decl":{"start":{"line":19,"column":4},"end":{"line":19,"column":5}},"loc":{"start":{"line":19,"column":17},"end":{"line":21,"column":5}},"line":19}},"branchMap":{"0":{"loc":{"start":{"line":3,"column":19},"end":{"line":3,"column":59}},"type":"binary-expr","locations":[{"start":{"line":3,"column":19},"end":{"line":3,"column":41}},{"start":{"line":3,"column":43},"end":{"line":3,"column":59}}],"line":3},"1":{"loc":{"start":{"line":7,"column":18},"end":{"line":7,"column":30}},"type":"default-arg","locations":[{"start":{"line":7,"column":28},"end":{"line":7,"column":30}}],"line":7}},"s":{"0":1,"1":1,"2":1,"3":0,"4":0,"5":0,"6":0,"7":0},"f":{"0":0,"1":0,"2":0},"b":{"0":[1,1],"1":[0]},"_coverageSchema":"1a1c01bbd47fc00a2c39e90264f33305004495a9","hash":"62e8af5f01123a96e2bd6b732fa28ac3929f11ce"}
,"/Users/ashizhamal/Desktop/appt-app/backend/src/services/userServices.js": {"path":"/Users/ashizhamal/Desktop/appt-app/backend/src/services/userServices.js","statementMap":{"0":{"start":{"line":7,"column":25},"end":{"line":7,"column":68}},"1":{"start":{"line":9,"column":4},"end":{"line":11,"column":5}},"2":{"start":{"line":10,"column":8},"end":{"line":10,"column":46}},"3":{"start":{"line":13,"column":27},"end":{"line":13,"column":67}},"4":{"start":{"line":15,"column":23},"end":{"line":20,"column":5}},"5":{"start":{"line":22,"column":4},"end":{"line":22,"column":38}},"6":{"start":{"line":28,"column":17},"end":{"line":28,"column":60}},"7":{"start":{"line":31,"column":4},"end":{"line":33,"column":5}},"8":{"start":{"line":32,"column":8},"end":{"line":32,"column":42}},"9":{"start":{"line":35,"column":20},"end":{"line":35,"column":74}},"10":{"start":{"line":37,"column":4},"end":{"line":39,"column":5}},"11":{"start":{"line":38,"column":8},"end":{"line":38,"column":44}},"12":{"start":{"line":42,"column":20},"end":{"line":46,"column":5}},"13":{"start":{"line":48,"column":19},"end":{"line":48,"column":43}},"14":{"start":{"line":50,"column":4},"end":{"line":54,"column":7}}},"fnMap":{"0":{"name":"registerUser","decl":{"start":{"line":6,"column":22},"end":{"line":6,"column":34}},"loc":{"start":{"line":6,"column":44},"end":{"line":24,"column":1}},"line":6},"1":{"name":"loginUser","decl":{"start":{"line":27,"column":22},"end":{"line":27,"column":31}},"loc":{"start":{"line":27,"column":41},"end":{"line":56,"column":1}},"line":27}},"branchMap":{"0":{"loc":{"start":{"line":9,"column":4},"end":{"line":11,"column":5}},"type":"if","locations":[{"start":{"line":9,"column":4},"end":{"line":11,"column":5}},{"start":{},"end":{}}],"line":9},"1":{"loc":{"start":{"line":31,"column":4},"end":{"line":33,"column":5}},"type":"if","locations":[{"start":{"line":31,"column":4},"end":{"line":33,"column":5}},{"start":{},"end":{}}],"line":31},"2":{"loc":{"start":{"line":37,"column":4},"end":{"line":39,"column":5}},"type":"if","locations":[{"start":{"line":37,"column":4},"end":{"line":39,"column":5}},{"start":{},"end":{}}],"line":37}},"s":{"0":0,"1":0,"2":0,"3":0,"4":0,"5":0,"6":0,"7":0,"8":0,"9":0,"10":0,"11":0,"12":0,"13":0,"14":0},"f":{"0":0,"1":0},"b":{"0":[0,0],"1":[0,0],"2":[0,0]},"_coverageSchema":"1a1c01bbd47fc00a2c39e90264f33305004495a9","hash":"ca448dadeb5d62f8d03b1058202c08961ee7d379"}
}
