TN:
SF:app.js
FN:11,(anonymous_0)
FN:14,(anonymous_1)
FN:21,(anonymous_2)
FN:22,(anonymous_3)
FNF:4
FNH:0
FNDA:0,(anonymous_0)
FNDA:0,(anonymous_1)
FNDA:0,(anonymous_2)
FNDA:0,(anonymous_3)
DA:7,1
DA:8,1
DA:11,1
DA:12,1
DA:13,1
DA:14,1
DA:15,0
DA:19,1
DA:20,0
DA:21,0
DA:22,0
LF:11
LH:7
BRDA:19,0,0,0
BRDA:19,0,1,1
BRF:2
BRH:1
end_of_record
TN:
SF:src/config/db.js
FN:8,connect
FN:22,getDb
FNF:2
FNH:0
FNDA:0,connect
FNDA:0,getDb
DA:2,1
DA:3,1
DA:5,1
DA:9,0
DA:10,0
DA:13,0
DA:15,0
DA:16,0
DA:17,0
DA:19,0
DA:23,0
DA:24,0
DA:26,0
LF:13
LH:3
BRDA:2,0,0,1
BRDA:2,0,1,1
BRDA:3,1,0,1
BRDA:3,1,1,1
BRDA:9,2,0,0
BRDA:9,2,1,0
BRDA:23,3,0,0
BRDA:23,3,1,0
BRF:8
BRH:4
end_of_record
TN:
SF:src/controllers/appointmentController.js
FN:3,createAppointment
FN:9,updateAppointment
FN:14,deleteAppointment
FN:18,getAppointment
FNF:4
FNH:0
FNDA:0,createAppointment
FNDA:0,updateAppointment
FNDA:0,deleteAppointment
FNDA:0,getAppointment
DA:4,0
LF:1
LH:0
BRF:0
BRH:0
end_of_record
TN:
SF:src/controllers/userController.js
FN:3,registerController
FN:17,loginController
FNF:2
FNH:0
FNDA:0,registerController
FNDA:0,loginController
DA:4,0
DA:5,0
DA:6,0
DA:12,0
DA:19,0
DA:20,0
DA:21,0
DA:27,0
LF:8
LH:0
BRF:0
BRH:0
end_of_record
TN:
SF:src/middlewares/authMiddleware.js
FN:4,authenticate
FNF:1
FNH:1
FNDA:1,authenticate
DA:5,1
DA:6,1
DA:7,0
LF:3
LH:2
BRDA:6,0,0,1
BRDA:6,0,1,0
BRF:2
BRH:1
end_of_record
TN:
SF:src/repositories/userRepository.js
FN:6,findUserByUsername
FN:11,saveUser
FNF:2
FNH:0
FNDA:0,findUserByUsername
FNDA:0,saveUser
DA:3,1
DA:7,0
DA:8,0
DA:12,0
DA:13,0
DA:14,0
DA:15,0
LF:7
LH:1
BRF:0
BRH:0
end_of_record
TN:
SF:src/routes/appointmentRoute.js
FN:6,(anonymous_0)
FNF:1
FNH:0
FNDA:0,(anonymous_0)
DA:2,1
DA:6,1
DA:7,0
LF:3
LH:2
BRF:0
BRH:0
end_of_record
TN:
SF:src/routes/authRoute.js
FNF:0
FNH:0
DA:4,1
DA:6,1
DA:7,1
LF:3
LH:3
BRF:0
BRH:0
end_of_record
TN:
SF:src/services/jwtServices.js
FN:7,(anonymous_0)
FN:11,(anonymous_1)
FN:19,(anonymous_2)
FNF:3
FNH:0
FNDA:0,(anonymous_0)
FNDA:0,(anonymous_1)
FNDA:0,(anonymous_2)
DA:3,1
DA:4,1
DA:6,1
DA:8,0
DA:12,0
DA:13,0
DA:15,0
DA:20,0
LF:8
LH:3
BRDA:3,0,0,1
BRDA:3,0,1,1
BRDA:7,1,0,0
BRF:3
BRH:2
end_of_record
TN:
SF:src/services/userServices.js
FN:6,registerUser
FN:27,loginUser
FNF:2
FNH:0
FNDA:0,registerUser
FNDA:0,loginUser
DA:7,0
DA:9,0
DA:10,0
DA:13,0
DA:15,0
DA:22,0
DA:28,0
DA:31,0
DA:32,0
DA:35,0
DA:37,0
DA:38,0
DA:42,0
DA:48,0
DA:50,0
LF:15
LH:0
BRDA:9,0,0,0
BRDA:9,0,1,0
BRDA:31,1,0,0
BRDA:31,1,1,0
BRDA:37,2,0,0
BRDA:37,2,1,0
BRF:6
BRH:0
end_of_record
